<?xml version="1.0" encoding="UTF-8"?>
<testng-results ignored="0" total="1" passed="1" failed="0" skipped="0">
  <reporter-output>
  </reporter-output>
  <suite started-at="2023-11-24T11:07:27 IST" name="Default suite" finished-at="2023-11-24T11:07:40 IST" duration-ms="12901">
    <groups>
    </groups>
    <test started-at="2023-11-24T11:07:27 IST" name="Default test" finished-at="2023-11-24T11:07:40 IST" duration-ms="12901">
      <class name="facebook.Facebook">
        <test-method signature="login()[pri:0, instance:facebook.Facebook@33990a0c]" started-at="2023-11-24T11:07:27 IST" name="login" finished-at="2023-11-24T11:07:40 IST" duration-ms="12864" status="PASS">
          <reporter-output>
          </reporter-output>
        </test-method> <!-- login -->
      </class> <!-- facebook.Facebook -->
    </test> <!-- Default test -->
  </suite> <!-- Default suite -->
</testng-results>
